make all --print-data-base --no-builtin-variables --no-builtin-rules --question
# GNU Make 3.81
# Copyright (C) 2006  Free Software Foundation, Inc.
# This is free software; see the source for copying conditions.
# There is NO warranty; not even for MERCHANTABILITY or FITNESS FOR A
# PARTICULAR PURPOSE.

# This program built for i386-apple-darwin11.3.0
 

# Make data base, printed on Tue Feb 28 21:58:41 2023

# Variables

# automatic
<D = $(patsubst %/,%,$(dir $<))
# automatic
?F = $(notdir $?)
# makefile (from `Makefile', line 12)
OBJ = $(SRC:.c=.o)
# makefile (from `Makefile', line 9)
SRC = ./fdf_util/baffering_map.c ./fdf_util/check_map.c  ./fdf_util/ft_fdf_utile.c ./fdf_util/ft_len_win.c ./fdf_util/ft_line.c ./fdf_util/open_mlx_win.c ./fdf_util/ft_atoi_base.c ./fdf_util/ft_split_line.c ./fdf_util/ft_rgb.c ./fdf_util/ft_hook.c
# automatic
?D = $(patsubst %/,%,$(dir $?))
# automatic
@D = $(patsubst %/,%,$(dir $@))
# automatic
@F = $(notdir $@)
# makefile
CURDIR := /Users/yel-hadr/Desktop/fdf_42-bonus 2
# makefile
SHELL = /bin/sh
# environment
VSCODE_NLS_CONFIG = {"locale":"en-us","availableLanguages":{},"_languagePackSupport":true}
# makefile (from `Makefile', line 6)
MLX = -lmlx -framework OpenGL -framework AppKit
# environment
_ = /usr/bin/make
# makefile (from `Makefile', line 1)
MAKEFILE_LIST :=  Makefile
# makefile (from `Makefile', line 8)
BONUS = ./fdf_util/evant.c fdf_bonus.c
# environment
VSCODE_CWD = /
# environment
PATH = /Users/yel-hadr/.brew/bin:/usr/local/bin:/usr/bin:/bin:/usr/sbin:/sbin:/usr/local/munki
# environment
LSCOLORS = Gxfxcxdxbxegedabagacad
# environment
LaunchInstanceID = 959EC56F-61E6-4B30-87B1-CA018F7C5404
# environment
ELECTRON_RUN_AS_NODE = 1
# default
.FEATURES := target-specific order-only second-expansion else-if archives jobserver check-symlink
# environment
SSH_AUTH_SOCK = /private/tmp/com.apple.launchd.szgavHeuc4/Listeners
# automatic
%F = $(notdir $%)
# environment
HOMEBREW_TEMP = /tmp/yel-hadr/Homebrew/Temp
# makefile (from `Makefile', line 2)
EXUT = exut_fdf
# makefile (from `Makefile', line 7)
FDF = ./fdf_util/evant_m.c fdf.c
# environment
PWD = /Users/yel-hadr/Desktop/fdf_42-bonus 2
# environment
ORIGINAL_XDG_CURRENT_DESKTOP = undefined
# environment
VSCODE_AMD_ENTRYPOINT = vs/workbench/api/node/extensionHostProcess
# environment
HOME = /Users/yel-hadr
# default
MAKEFILEPATH := /Applications/Xcode.app/Contents/Developer/Makefiles
# environment
VSCODE_CODE_CACHE_PATH = /Users/yel-hadr/Library/Application Support/Code/CachedData/6261075646f055b99068d3688932416f2346dd3b
# environment
LOGNAME = yel-hadr
# environment
APPLICATION_INSIGHTS_NO_DIAGNOSTIC_CHANNEL = 1
# environment
ZSH = /Users/yel-hadr/.oh-my-zsh
# environment
VSCODE_HANDLES_UNCAUGHT_ERRORS = true
# automatic
^D = $(patsubst %/,%,$(dir $^))
# environment
XPC_FLAGS = 0x0
# default
MAKE = $(MAKE_COMMAND)
# default
MAKECMDGOALS := all
# environment
HOMEBREW_CACHE = /tmp/yel-hadr/Homebrew/Caches
# environment
SHLVL = 1
# makefile (from `Makefile', line 4)
CC = cc
# default
MAKE_VERSION := 3.81
# environment
USER = yel-hadr
# makefile
.DEFAULT_GOAL := all
# environment
LESS = -R
# automatic
%D = $(patsubst %/,%,$(dir $%))
# makefile (from `Makefile', line 13)
OBJ_FDF = $(FDF:.c=.o)
# default
MAKE_COMMAND := /Applications/Xcode.app/Contents/Developer/usr/bin/make
# default
.VARIABLES := 
# environment
TMPDIR = /var/folders/zz/zyxvpxvq6csfxvn_n000c_q80032nt/T/
# automatic
*F = $(notdir $*)
# environment
VSCODE_IPC_HOOK = /Users/yel-hadr/Library/Application Support/Code/1.73.1-main.sock
# environment
MallocNanoZone = 0
# makefile
MAKEFLAGS = Rrqp
# environment
MFLAGS = -Rrqp
# automatic
*D = $(patsubst %/,%,$(dir $*))
# environment
XPC_SERVICE_NAME = com.apple.xpc.launchd.oneshot.0x10000001.Electron
# automatic
+D = $(patsubst %/,%,$(dir $+))
# automatic
+F = $(notdir $+)
# makefile (from `Makefile', line 5)
FLAG = -Wall -Wextra -Werror -fsanitize=address
# environment
__CF_USER_TEXT_ENCODING = 0x18ABA:0x0:0x0
# environment
COMMAND_MODE = unix2003
# default
MAKEFILES := 
# automatic
<F = $(notdir $<)
# environment
PAGER = less
# environment
LC_ALL = C
# makefile (from `Makefile', line 14)
OBJ_BONUS = $(BONUS:.c=.o)
# makefile (from `Makefile', line 3)
EXUT_BONUS = exut_fdf_bonus
# environment
SECURITYSESSIONID = 186a8
# automatic
^F = $(notdir $^)
# makefile (from `Makefile', line 1)
DEPS = ft_fdf.h
# default
SUFFIXES := 
# default
.INCLUDE_DIRS = /usr/local/include
# environment
MAKELEVEL := 0
# environment
CLICOLOR = 1
# environment
LANG = C
# environment
VSCODE_PID = 1101
# variable set hash-table stats:
# Load=78/1024=8%, Rehash=0, Collisions=5/116=4%

# Pattern-specific Variable Values

# No pattern-specific variable values.

# Directories

# . (device 16777225, inode 3937082): 11 files, no impossibilities.

# 11 files, no impossibilities in 1 directories.

# Implicit Rules

%.o: %.c
#  commands to execute (from `Makefile', line 28):
	@${CC} ${FLAG} -c $< -o $@
	

# 1 implicit rules, 0 (0.0%) terminal.

# Files

# Not a target:
fdf_util/ft_len_win.o:
#  Implicit rule search has not been done.
#  Modification time never checked.
#  File has not been updated.

all: util exut_fdf
#  Command-line target.
#  Implicit rule search has been done.
#  File does not exist.
#  File has been updated.
#  Needs to be updated (-q is set).
# variable set hash-table stats:
# Load=0/32=0%, Rehash=0, Collisions=0/2=0%

# Not a target:
fdf_util/evant_m.o:
#  Implicit rule search has not been done.
#  Modification time never checked.
#  File has not been updated.

# Not a target:
fdf_util/baffering_map.o:
#  Implicit rule search has not been done.
#  Modification time never checked.
#  File has not been updated.

# Not a target:
fdf_util/check_map.o:
#  Implicit rule search has not been done.
#  Modification time never checked.
#  File has not been updated.

# Not a target:
fdf_util/ft_fdf_utile.o:
#  Implicit rule search has not been done.
#  Modification time never checked.
#  File has not been updated.

# Not a target:
.SUFFIXES:
#  Implicit rule search has not been done.
#  Modification time never checked.
#  File has not been updated.

# Not a target:
Makefile:
#  Implicit rule search has been done.
#  Last modified 2023-02-28 13:27:52
#  File has been updated.
#  Successfully updated.
# variable set hash-table stats:
# Load=0/32=0%, Rehash=0, Collisions=0/0=0%

# Not a target:
fdf_util/ft_rgb.o:
#  Implicit rule search has not been done.
#  Modification time never checked.
#  File has not been updated.

# Not a target:
fdf_util/ft_hook.o:
#  Implicit rule search has not been done.
#  Modification time never checked.
#  File has not been updated.

# Not a target:
fdf_util/ft_atoi_base.o:
#  Implicit rule search has not been done.
#  Modification time never checked.
#  File has not been updated.

exut_fdf_bonus: fdf_util/baffering_map.o fdf_util/check_map.o fdf_util/ft_fdf_utile.o fdf_util/ft_len_win.o fdf_util/ft_line.o fdf_util/open_mlx_win.o fdf_util/ft_atoi_base.o fdf_util/ft_split_line.o fdf_util/ft_rgb.o fdf_util/ft_hook.o fdf_util/evant.o fdf_bonus.o
#  Implicit rule search has not been done.
#  Modification time never checked.
#  File has not been updated.
#  commands to execute (from `Makefile', line 25):
	$(CC) $(FLAG) $(OBJ) $(OBJ_BONUS) -lm ./fdf_util/*/*.a $(MLX) -o $(EXUT_BONUS)
	

bonus: util exut_fdf_bonus
#  Implicit rule search has not been done.
#  Modification time never checked.
#  File has not been updated.

fclean:
#  Implicit rule search has not been done.
#  Modification time never checked.
#  File has not been updated.
#  commands to execute (from `Makefile', line 44):
	@rm -rf *.o $(EXUT) $(EXUT_BONUS)
	@rm -rf fdf_util/*.o
	@make -C ./fdf_util/get_next_line fclean
	@make -C ./fdf_util/libft fclean
	@make -C ./fdf_util/printf fclean
	

# Not a target:
fdf_util/evant.o:
#  Implicit rule search has not been done.
#  Modification time never checked.
#  File has not been updated.

# Not a target:
.DEFAULT:
#  Implicit rule search has not been done.
#  Modification time never checked.
#  File has not been updated.

re: fclean all
#  Implicit rule search has not been done.
#  Modification time never checked.
#  File has not been updated.

# Not a target:
fdf_bonus.o:
#  Implicit rule search has not been done.
#  Modification time never checked.
#  File has not been updated.

clean:
#  Implicit rule search has not been done.
#  Modification time never checked.
#  File has not been updated.
#  commands to execute (from `Makefile', line 37):
	@rm -f *.o
	@rm -rf fdf_util/*.o
 
	@make -C ./fdf_util/get_next_line clean
	@make -C ./fdf_util/libft clean
	@make -C ./fdf_util/printf clean
	

exut_fdf: fdf_util/baffering_map.o fdf_util/check_map.o fdf_util/ft_fdf_utile.o fdf_util/ft_len_win.o fdf_util/ft_line.o fdf_util/open_mlx_win.o fdf_util/ft_atoi_base.o fdf_util/ft_split_line.o fdf_util/ft_rgb.o fdf_util/ft_hook.o fdf_util/evant_m.o fdf.o
#  Implicit rule search has not been done.
#  Modification time never checked.
#  File has not been updated.
#  commands to execute (from `Makefile', line 22):
	$(CC) $(FLAG) $(OBJ) $(OBJ_FDF) -lm ./fdf_util/*/*.a $(MLX) -o $(EXUT)
	

# Not a target:
fdf_util/ft_line.o:
#  Implicit rule search has not been done.
#  Modification time never checked.
#  File has not been updated.

# Not a target:
fdf_util/open_mlx_win.o:
#  Implicit rule search has not been done.
#  Modification time never checked.
#  File has not been updated.

# Not a target:
fdf_util/ft_split_line.o:
#  Implicit rule search has not been done.
#  Modification time never checked.
#  File has not been updated.

util:
#  Implicit rule search has not been done.
#  Implicit/static pattern stem: `'
#  File does not exist.
#  File has been updated.
#  Needs to be updated (-q is set).
# automatic
# @ := util
# automatic
# % := 
# automatic
# * := 
# automatic
# + := 
# automatic
# | := 
# automatic
# < := 
# automatic
# ^ := 
# automatic
# ? := 
# variable set hash-table stats:
# Load=8/32=25%, Rehash=0, Collisions=1/10=10%
#  commands to execute (from `Makefile', line 31):
	@make -C ./fdf_util/get_next_line
	@make -C ./fdf_util/libft
	@make -C ./fdf_util/printf
	

# Not a target:
fdf.o:
#  Implicit rule search has not been done.
#  Modification time never checked.
#  File has not been updated.

# files hash-table stats:
# Load=25/1024=2%, Rehash=0, Collisions=11/69=16%
# VPATH Search Paths

# No `vpath' search paths.

# No general (`VPATH' variable) search path.

# # of strings in strcache: 1
# # of strcache buffers: 1
# strcache size: total = 4096 / max = 4096 / min = 4096 / avg = 4096
# strcache free: total = 4087 / max = 4087 / min = 4087 / avg = 4087

# Finished Make data base on Tue Feb 28 21:58:41 2023

 
